<?xml version="1.0" encoding="UTF-8"?>
<!-- Generated by org.testng.reporters.JUnitXMLReporter -->
<testsuite ignored="0" hostname="DESKTOP-G4F1SD9" failures="0" tests="4" name="Test" time="126.662" errors="0" timestamp="2025-06-21T12:25:00 IST">
  <testcase classname="cars.jaguarTest" name="launch" time="53.99"/>
  <testcase classname="cars.audiTest" name="launch" time="26.649"/>
  <testcase classname="cars.bmwTest" name="launch" time="17.116"/>
  <testcase classname="cars.rollsroyceTest" name="launch" time="28.679"/>
</testsuite> <!-- Test -->
