<?xml version="1.0" encoding="UTF-8"?>
<testng-results ignored="0" total="1" passed="1" failed="0" skipped="0">
  <reporter-output>
  </reporter-output>
  <suite started-at="2025-06-23T21:59:09 IST" name="Default suite" finished-at="2025-06-23T21:59:42 IST" duration-ms="32539">
    <groups>
    </groups>
    <test started-at="2025-06-23T21:59:09 IST" name="Default test" finished-at="2025-06-23T21:59:42 IST" duration-ms="32539">
      <class name="home.demoextentreport_SS">
        <test-method signature="login()[pri:0, instance:home.demoextentreport_SS@7dcf94f8]" started-at="2025-06-23T21:59:09 IST" name="login" finished-at="2025-06-23T21:59:42 IST" duration-ms="32340" status="PASS">
          <reporter-output>
          </reporter-output>
        </test-method> <!-- login -->
      </class> <!-- home.demoextentreport_SS -->
    </test> <!-- Default test -->
  </suite> <!-- Default suite -->
</testng-results>
