<?xml version="1.0" encoding="UTF-8"?>
<testng-results ignored="0" total="1" passed="1" failed="0" skipped="0">
  <reporter-output>
    <line>
      <![CDATA[yamaha launched]]>
    </line>
  </reporter-output>
  <suite started-at="2025-06-21T13:41:56 IST" name="Surefire suite" finished-at="2025-06-21T13:42:22 IST" duration-ms="25539">
    <groups>
    </groups>
    <test started-at="2025-06-21T13:41:56 IST" name="Surefire test" finished-at="2025-06-21T13:42:22 IST" duration-ms="25539">
      <class name="bike.yamahaTest">
        <test-method signature="launch()[pri:0, instance:bike.yamahaTest@6973bf95]" started-at="2025-06-21T13:41:57 IST" name="launch" finished-at="2025-06-21T13:42:22 IST" duration-ms="25395" status="PASS">
          <reporter-output>
            <line>
              <![CDATA[yamaha launched]]>
            </line>
          </reporter-output>
        </test-method> <!-- launch -->
      </class> <!-- bike.yamahaTest -->
    </test> <!-- Surefire test -->
  </suite> <!-- Surefire suite -->
</testng-results>
